
Showing logs for build [32msalaboy-online-store-pr-1-pr-bu-99blx-3[0m stage [32mfrom-build-pack[0m and container [32mcredential-initializer[0m
{"level":"info","ts":1595847895.0170994,"caller":"creds-init/main.go:44","msg":"Credentials initialized."}

Showing logs for build [32msalaboy-online-store-pr-1-pr-bu-99blx-3[0m stage [32mfrom-build-pack[0m and container [32mworking-dir-initializer[0m

Showing logs for build [32msalaboy-online-store-pr-1-pr-bu-99blx-3[0m stage [32mfrom-build-pack[0m and container [32mplace-tools[0m

Showing logs for build [32msalaboy-online-store-pr-1-pr-bu-99blx-3[0m stage [32mfrom-build-pack[0m and container [32mstep-git-source-salaboy-online-store-pr-1-pr-bu-99blx-c7gg8[0m
{"level":"info","ts":1595847904.392376,"caller":"git/git.go:105","msg":"Successfully cloned https://github.com/*******/online-store.git @ master in path /workspace/source"}
{"level":"warn","ts":1595847904.3925526,"caller":"git/git.go:152","msg":"Unexpected error: creating symlink: symlink /tekton/home/.ssh /root/.ssh: file exists"}
{"level":"info","ts":1595847904.4346075,"caller":"git/git.go:133","msg":"Successfully initialized and updated submodules in path /workspace/source"}

Showing logs for build [32msalaboy-online-store-pr-1-pr-bu-99blx-3[0m stage [32mfrom-build-pack[0m and container [32mstep-setup-builder-home[0m

Showing logs for build [32msalaboy-online-store-pr-1-pr-bu-99blx-3[0m stage [32mfrom-build-pack[0m and container [32mstep-git-merge[0m
Using SHAs from PULL_REFS=master:34626fd6835801d315bc216c8154550b0cf2d516,1:6a878007b45cb37e80ba960ec5179f5ab7286429
DEBUG: LC_ALL=C JX_LOG_LEVEL=error git fetch origin --unshallow 6a878007b45cb37e80ba960ec5179f5ab7286429: 34626fd6835801d315bc216c8154550b0cf2d516:
DEBUG: ran git fetch --unshallow origin 6a878007b45cb37e80ba960ec5179f5ab7286429: 34626fd6835801d315bc216c8154550b0cf2d516: in 
DEBUG: LC_ALL=C JX_LOG_LEVEL=error git branch
DEBUG: LC_ALL=C JX_LOG_LEVEL=error git checkout master
DEBUG: ran git checkout master in 
DEBUG: LC_ALL=C JX_LOG_LEVEL=error git reset --hard 34626fd6835801d315bc216c8154550b0cf2d516
DEBUG: ran git reset --hard 34626fd6835801d315bc216c8154550b0cf2d516 in 
DEBUG: LC_ALL=C JX_LOG_LEVEL=error git clean -fd .
DEBUG: ran clean --force -d . in 
DEBUG: LC_ALL=C JX_LOG_LEVEL=error git merge 6a878007b45cb37e80ba960ec5179f5ab7286429
DEBUG: ran git merge 6a878007b45cb37e80ba960ec5179f5ab7286429 in 
DEBUG: JX_LOG_LEVEL=error LC_ALL=C git log --format=%H%x1f%an%x1f%ae%x1f%cn%x1f%ce%x1f%s%n%b%x1e 34626fd6835801d315bc216c8154550b0cf2d516..HEAD
Merged SHA 6a878007b45cb37e80ba960ec5179f5ab7286429 with commit message 'yellow' into base branch master
Merged SHA c403bc1a57285e2a362622190b041efcb8c23353 with commit message 'change' into base branch master

Showing logs for build [32msalaboy-online-store-pr-1-pr-bu-99blx-3[0m stage [32mfrom-build-pack[0m and container [32mstep-build-set-version[0m
Picked up _JAVA_OPTIONS: -XX:+UnlockExperimentalVMOptions -XX:+UseCGroupMemoryLimitForHeap -Dsun.zip.disableMemoryMapping=true -XX:+UseParallelGC -XX:MinHeapFreeRatio=5 -XX:MaxHeapFreeRatio=10 -XX:GCTimeRatio=4 -XX:AdaptiveSizePolicyWeight=90 -Xms10m -Xmx192m
OpenJDK 64-Bit Server VM warning: If the number of processors is expected to increase from one, then you should configure the number of parallel GC threads appropriately using -XX:ParallelGCThreads=N
[INFO] Scanning for projects...
[INFO] 
[INFO] --------------------< com.*******.lke:online-store >--------------------
[INFO] Building My Simple App on LKE 0.0.1-SNAPSHOT
[INFO] --------------------------------[ jar ]---------------------------------
[INFO] 
[INFO] --- versions-maven-plugin:2.7:set (default-cli) @ online-store ---
[INFO] Searching for local aggregator root...
[INFO] Local aggregation root: /workspace/source
[INFO] Processing change of com.*******.lke:online-store:0.0.1-SNAPSHOT -> 0.0.0-SNAPSHOT-PR-1-3
[INFO] Processing com.*******.lke:online-store
[INFO]     Updating project com.*******.lke:online-store
[INFO]         from version 0.0.1-SNAPSHOT to 0.0.0-SNAPSHOT-PR-1-3
[INFO] 
[INFO] ------------------------------------------------------------------------
[INFO] BUILD SUCCESS
[INFO] ------------------------------------------------------------------------
[INFO] Total time:  12.197 s
[INFO] Finished at: 2020-07-27T11:05:22Z
[INFO] ------------------------------------------------------------------------

Showing logs for build [32msalaboy-online-store-pr-1-pr-bu-99blx-3[0m stage [32mfrom-build-pack[0m and container [32mstep-build-mvn-install[0m
Picked up _JAVA_OPTIONS: -XX:+UnlockExperimentalVMOptions -XX:+UseCGroupMemoryLimitForHeap -Dsun.zip.disableMemoryMapping=true -XX:+UseParallelGC -XX:MinHeapFreeRatio=5 -XX:MaxHeapFreeRatio=10 -XX:GCTimeRatio=4 -XX:AdaptiveSizePolicyWeight=90 -Xms10m -Xmx192m
OpenJDK 64-Bit Server VM warning: If the number of processors is expected to increase from one, then you should configure the number of parallel GC threads appropriately using -XX:ParallelGCThreads=N
[INFO] Scanning for projects...
[INFO] 
[INFO] --------------------< com.*******.lke:online-store >--------------------
[INFO] Building My Simple App on LKE 0.0.0-SNAPSHOT-PR-1-3
[INFO] --------------------------------[ jar ]---------------------------------
[INFO] 
[INFO] --- maven-resources-plugin:3.1.0:resources (default-resources) @ online-store ---
[INFO] Using 'UTF-8' encoding to copy filtered resources.
[INFO] Copying 1 resource
[INFO] Copying 1 resource
[INFO] 
[INFO] --- maven-compiler-plugin:3.8.1:compile (default-compile) @ online-store ---
[INFO] Changes detected - recompiling the module!
[INFO] Compiling 1 source file to /workspace/source/target/classes
[INFO] 
[INFO] --- maven-resources-plugin:3.1.0:testResources (default-testResources) @ online-store ---
[INFO] Using 'UTF-8' encoding to copy filtered resources.
[INFO] skip non existing resourceDirectory /workspace/source/src/test/resources
[INFO] 
[INFO] --- maven-compiler-plugin:3.8.1:testCompile (default-testCompile) @ online-store ---
[INFO] Changes detected - recompiling the module!
[INFO] Compiling 1 source file to /workspace/source/target/test-classes
[INFO] 
[INFO] --- maven-surefire-plugin:3.0.0-M1:test (default-test) @ online-store ---
[INFO] 
[INFO] -------------------------------------------------------
[INFO]  T E S T S
[INFO] -------------------------------------------------------
[INFO] Running com.*******.lke.DemoApplicationTests
11:05:39.955 [main] DEBUG org.springframework.test.context.junit4.SpringJUnit4ClassRunner - SpringJUnit4ClassRunner constructor called with [class com.*******.lke.DemoApplicationTests]
11:05:39.962 [main] DEBUG org.springframework.test.context.BootstrapUtils - Instantiating CacheAwareContextLoaderDelegate from class [org.springframework.test.context.cache.DefaultCacheAwareContextLoaderDelegate]
11:05:39.973 [main] DEBUG org.springframework.test.context.BootstrapUtils - Instantiating BootstrapContext using constructor [public org.springframework.test.context.support.DefaultBootstrapContext(java.lang.Class,org.springframework.test.context.CacheAwareContextLoaderDelegate)]
11:05:40.049 [main] DEBUG org.springframework.test.context.BootstrapUtils - Instantiating TestContextBootstrapper for test class [com.*******.lke.DemoApplicationTests] from class [org.springframework.boot.test.context.SpringBootTestContextBootstrapper]
11:05:40.066 [main] INFO org.springframework.boot.test.context.SpringBootTestContextBootstrapper - Neither @ContextConfiguration nor @ContextHierarchy found for test class [com.*******.lke.DemoApplicationTests], using SpringBootContextLoader
11:05:40.070 [main] DEBUG org.springframework.test.context.support.AbstractContextLoader - Did not detect default resource location for test class [com.*******.lke.DemoApplicationTests]: class path resource [com/*******/lke/DemoApplicationTests-context.xml] does not exist
11:05:40.070 [main] DEBUG org.springframework.test.context.support.AbstractContextLoader - Did not detect default resource location for test class [com.*******.lke.DemoApplicationTests]: class path resource [com/*******/lke/DemoApplicationTestsContext.groovy] does not exist
11:05:40.071 [main] INFO org.springframework.test.context.support.AbstractContextLoader - Could not detect default resource locations for test class [com.*******.lke.DemoApplicationTests]: no resource found for suffixes {-context.xml, Context.groovy}.
11:05:40.071 [main] INFO org.springframework.test.context.support.AnnotationConfigContextLoaderUtils - Could not detect default configuration classes for test class [com.*******.lke.DemoApplicationTests]: DemoApplicationTests does not declare any static, non-private, non-final, nested classes annotated with @Configuration.
11:05:40.177 [main] DEBUG org.springframework.test.context.support.ActiveProfilesUtils - Could not find an 'annotation declaring class' for annotation type [org.springframework.test.context.ActiveProfiles] and class [com.*******.lke.DemoApplicationTests]
11:05:40.379 [main] DEBUG org.springframework.context.annotation.ClassPathScanningCandidateComponentProvider - Identified candidate component class: file [/workspace/source/target/classes/com/*******/lke/DemoApplication.class]
11:05:40.387 [main] INFO org.springframework.boot.test.context.SpringBootTestContextBootstrapper - Found @SpringBootConfiguration com.*******.lke.DemoApplication for test class com.*******.lke.DemoApplicationTests
11:05:40.652 [main] DEBUG org.springframework.boot.test.context.SpringBootTestContextBootstrapper - @TestExecutionListeners is not present for class [com.*******.lke.DemoApplicationTests]: using defaults.
11:05:40.653 [main] INFO org.springframework.boot.test.context.SpringBootTestContextBootstrapper - Loaded default TestExecutionListener class names from location [META-INF/spring.factories]: [org.springframework.boot.test.mock.mockito.MockitoTestExecutionListener, org.springframework.boot.test.mock.mockito.ResetMocksTestExecutionListener, org.springframework.boot.test.autoconfigure.restdocs.RestDocsTestExecutionListener, org.springframework.boot.test.autoconfigure.web.client.MockRestServiceServerResetTestExecutionListener, org.springframework.boot.test.autoconfigure.web.servlet.MockMvcPrintOnlyOnFailureTestExecutionListener, org.springframework.boot.test.autoconfigure.web.servlet.WebDriverTestExecutionListener, org.springframework.test.context.web.ServletTestExecutionListener, org.springframework.test.context.support.DirtiesContextBeforeModesTestExecutionListener, org.springframework.test.context.support.DependencyInjectionTestExecutionListener, org.springframework.test.context.support.DirtiesContextTestExecutionListener, org.springframework.test.context.transaction.TransactionalTestExecutionListener, org.springframework.test.context.jdbc.SqlScriptsTestExecutionListener]
11:05:40.672 [main] DEBUG org.springframework.boot.test.context.SpringBootTestContextBootstrapper - Skipping candidate TestExecutionListener [org.springframework.test.context.web.ServletTestExecutionListener] due to a missing dependency. Specify custom listener classes or make the default listener classes and their required dependencies available. Offending class: [javax/servlet/ServletContext]
11:05:40.673 [main] DEBUG org.springframework.boot.test.context.SpringBootTestContextBootstrapper - Skipping candidate TestExecutionListener [org.springframework.test.context.transaction.TransactionalTestExecutionListener] due to a missing dependency. Specify custom listener classes or make the default listener classes and their required dependencies available. Offending class: [org/springframework/transaction/TransactionDefinition]
11:05:40.674 [main] DEBUG org.springframework.boot.test.context.SpringBootTestContextBootstrapper - Skipping candidate TestExecutionListener [org.springframework.test.context.jdbc.SqlScriptsTestExecutionListener] due to a missing dependency. Specify custom listener classes or make the default listener classes and their required dependencies available. Offending class: [org/springframework/transaction/interceptor/TransactionAttribute]
11:05:40.674 [main] INFO org.springframework.boot.test.context.SpringBootTestContextBootstrapper - Using TestExecutionListeners: [org.springframework.test.context.support.DirtiesContextBeforeModesTestExecutionListener@50eac852, org.springframework.boot.test.mock.mockito.MockitoTestExecutionListener@16ec5519, org.springframework.boot.test.autoconfigure.SpringBootDependencyInjectionTestExecutionListener@2f7298b, org.springframework.test.context.support.DirtiesContextTestExecutionListener@188715b5, org.springframework.boot.test.mock.mockito.ResetMocksTestExecutionListener@1ea9f6af, org.springframework.boot.test.autoconfigure.restdocs.RestDocsTestExecutionListener@6a192cfe, org.springframework.boot.test.autoconfigure.web.client.MockRestServiceServerResetTestExecutionListener@5119fb47, org.springframework.boot.test.autoconfigure.web.servlet.MockMvcPrintOnlyOnFailureTestExecutionListener@7193666c, org.springframework.boot.test.autoconfigure.web.servlet.WebDriverTestExecutionListener@20deea7f]
11:05:40.676 [main] DEBUG org.springframework.test.annotation.ProfileValueUtils - Retrieved @ProfileValueSourceConfiguration [null] for test class [com.*******.lke.DemoApplicationTests]
11:05:40.676 [main] DEBUG org.springframework.test.annotation.ProfileValueUtils - Retrieved ProfileValueSource type [class org.springframework.test.annotation.SystemProfileValueSource] for class [com.*******.lke.DemoApplicationTests]
11:05:40.677 [main] DEBUG org.springframework.test.annotation.ProfileValueUtils - Retrieved @ProfileValueSourceConfiguration [null] for test class [com.*******.lke.DemoApplicationTests]
11:05:40.677 [main] DEBUG org.springframework.test.annotation.ProfileValueUtils - Retrieved ProfileValueSource type [class org.springframework.test.annotation.SystemProfileValueSource] for class [com.*******.lke.DemoApplicationTests]
11:05:40.678 [main] DEBUG org.springframework.test.annotation.ProfileValueUtils - Retrieved @ProfileValueSourceConfiguration [null] for test class [com.*******.lke.DemoApplicationTests]
11:05:40.678 [main] DEBUG org.springframework.test.annotation.ProfileValueUtils - Retrieved ProfileValueSource type [class org.springframework.test.annotation.SystemProfileValueSource] for class [com.*******.lke.DemoApplicationTests]
11:05:40.682 [main] DEBUG org.springframework.test.context.support.AbstractDirtiesContextTestExecutionListener - Before test class: context [DefaultTestContext@1a451d4d testClass = DemoApplicationTests, testInstance = [null], testMethod = [null], testException = [null], mergedContextConfiguration = [ReactiveWebMergedContextConfiguration@7fa98a66 testClass = DemoApplicationTests, locations = '{}', classes = '{class com.*******.lke.DemoApplication}', contextInitializerClasses = '[]', activeProfiles = '{}', propertySourceLocations = '{}', propertySourceProperties = '{org.springframework.boot.test.context.SpringBootTestContextBootstrapper=true}', contextCustomizers = set[org.springframework.boot.test.context.filter.ExcludeFilterContextCustomizer@27a8c74e, org.springframework.boot.test.json.DuplicateJsonObjectContextCustomizerFactory$DuplicateJsonObjectContextCustomizer@646d64ab, org.springframework.boot.test.mock.mockito.MockitoContextCustomizer@0, org.springframework.boot.test.web.client.TestRestTemplateContextCustomizer@2f943d71, org.springframework.boot.test.web.reactive.server.WebTestClientContextCustomizer@2a742aa2, org.springframework.boot.test.autoconfigure.properties.PropertyMappingContextCustomizer@0, org.springframework.boot.test.autoconfigure.web.servlet.WebDriverContextCustomizerFactory$Customizer@2c039ac6], contextLoader = 'org.springframework.boot.test.context.SpringBootContextLoader', parent = [null]], attributes = map[[empty]]], class annotated with @DirtiesContext [false] with mode [null].
11:05:40.682 [main] DEBUG org.springframework.test.annotation.ProfileValueUtils - Retrieved @ProfileValueSourceConfiguration [null] for test class [com.*******.lke.DemoApplicationTests]
11:05:40.682 [main] DEBUG org.springframework.test.annotation.ProfileValueUtils - Retrieved ProfileValueSource type [class org.springframework.test.annotation.SystemProfileValueSource] for class [com.*******.lke.DemoApplicationTests]
11:05:40.686 [main] DEBUG org.springframework.test.context.support.DependencyInjectionTestExecutionListener - Performing dependency injection for test context [[DefaultTestContext@1a451d4d testClass = DemoApplicationTests, testInstance = com.*******.lke.DemoApplicationTests@359f7cdf, testMethod = [null], testException = [null], mergedContextConfiguration = [ReactiveWebMergedContextConfiguration@7fa98a66 testClass = DemoApplicationTests, locations = '{}', classes = '{class com.*******.lke.DemoApplication}', contextInitializerClasses = '[]', activeProfiles = '{}', propertySourceLocations = '{}', propertySourceProperties = '{org.springframework.boot.test.context.SpringBootTestContextBootstrapper=true}', contextCustomizers = set[org.springframework.boot.test.context.filter.ExcludeFilterContextCustomizer@27a8c74e, org.springframework.boot.test.json.DuplicateJsonObjectContextCustomizerFactory$DuplicateJsonObjectContextCustomizer@646d64ab, org.springframework.boot.test.mock.mockito.MockitoContextCustomizer@0, org.springframework.boot.test.web.client.TestRestTemplateContextCustomizer@2f943d71, org.springframework.boot.test.web.reactive.server.WebTestClientContextCustomizer@2a742aa2, org.springframework.boot.test.autoconfigure.properties.PropertyMappingContextCustomizer@0, org.springframework.boot.test.autoconfigure.web.servlet.WebDriverContextCustomizerFactory$Customizer@2c039ac6], contextLoader = 'org.springframework.boot.test.context.SpringBootContextLoader', parent = [null]], attributes = map[[empty]]]].
11:05:40.768 [main] DEBUG org.springframework.test.context.support.TestPropertySourceUtils - Adding inlined properties to environment: {spring.jmx.enabled=false, org.springframework.boot.test.context.SpringBootTestContextBootstrapper=true, server.port=-1}

  .   ____          _            __ _ _
 /\\ / ___'_ __ _ _(_)_ __  __ _ \ \ \ \
( ( )\___ | '_ | '_| | '_ \/ _` | \ \ \ \
 \\/  ___)| |_)| | | | | || (_| |  ) ) ) )
  '  |____| .__|_| |_|_| |_\__, | / / / /
 =========|_|==============|___/=/_/_/_/
 :: Spring Boot ::        (v2.1.9.RELEASE)

2020-07-27 11:05:41.751  INFO 66 --- [           main] com.*******.lke.DemoApplicationTests     : Starting DemoApplicationTests on *******-online-store-pr-1-pr-bu-99blx-3-from-build-pack-z-9dv9q with PID 66 (started by root in /workspace/source)
2020-07-27 11:05:41.753  INFO 66 --- [           main] com.*******.lke.DemoApplicationTests     : No active profile set, falling back to default profiles: default
2020-07-27 11:05:49.155  INFO 66 --- [           main] o.s.b.a.e.web.EndpointLinksResolver      : Exposing 2 endpoint(s) beneath base path '/actuator'
2020-07-27 11:05:51.068  INFO 66 --- [           main] com.*******.lke.DemoApplicationTests     : Started DemoApplicationTests in 10.292 seconds (JVM running for 12.206)
[INFO] Tests run: 1, Failures: 0, Errors: 0, Skipped: 0, Time elapsed: 11.899 s - in com.*******.lke.DemoApplicationTests
[INFO] 
[INFO] Results:
[INFO] 
[INFO] Tests run: 1, Failures: 0, Errors: 0, Skipped: 0
[INFO] 
[INFO] 
[INFO] --- maven-jar-plugin:3.1.2:jar (default-jar) @ online-store ---
[INFO] Building jar: /workspace/source/target/online-store-0.0.0-SNAPSHOT-PR-1-3.jar
[INFO] 
[INFO] --- spring-boot-maven-plugin:2.1.9.RELEASE:repackage (repackage) @ online-store ---
[INFO] Replacing main artifact with repackaged archive
[INFO] 
[INFO] --- maven-install-plugin:2.5.2:install (default-install) @ online-store ---
[INFO] Installing /workspace/source/target/online-store-0.0.0-SNAPSHOT-PR-1-3.jar to /home/jenkins/.mvnrepository/com/*******/lke/online-store/0.0.0-SNAPSHOT-PR-1-3/online-store-0.0.0-SNAPSHOT-PR-1-3.jar
[INFO] Installing /workspace/source/pom.xml to /home/jenkins/.mvnrepository/com/*******/lke/online-store/0.0.0-SNAPSHOT-PR-1-3/online-store-0.0.0-SNAPSHOT-PR-1-3.pom
[INFO] ------------------------------------------------------------------------
[INFO] BUILD SUCCESS
[INFO] ------------------------------------------------------------------------
[INFO] Total time:  30.116 s
[INFO] Finished at: 2020-07-27T11:05:55Z
[INFO] ------------------------------------------------------------------------

Showing logs for build [32msalaboy-online-store-pr-1-pr-bu-99blx-3[0m stage [32mfrom-build-pack[0m and container [32mstep-build-skaffold-version[0m
v1.0.1

Showing logs for build [32msalaboy-online-store-pr-1-pr-bu-99blx-3[0m stage [32mfrom-build-pack[0m and container [32mstep-build-container-build[0m
E0727 11:06:36.892680      12 aws_credentials.go:77] while getting AWS credentials NoCredentialProviders: no valid providers in chain. Deprecated.
	For verbose messaging see aws.Config.CredentialsChainVerboseErrors
[36mINFO[0m[0042] Using dockerignore file: /workspace/source/.dockerignore 
[36mINFO[0m[0042] Retrieving image manifest openjdk:8-jdk-slim 
[36mINFO[0m[0043] Retrieving image manifest openjdk:8-jdk-slim 
[36mINFO[0m[0044] Built cross stage deps: map[]                
[36mINFO[0m[0044] Retrieving image manifest openjdk:8-jdk-slim 
[36mINFO[0m[0044] Retrieving image manifest openjdk:8-jdk-slim 
[36mINFO[0m[0045] Executing 0 build triggers                   
[36mINFO[0m[0045] cmd: EXPOSE                                  
[36mINFO[0m[0045] Adding exposed port: 8080/tcp                
[36mINFO[0m[0045] Resolving srcs [pom.xml target/lib*]...      
[36mINFO[0m[0045] Checking for cached layer docker.io/todo/cache:b69f6a8a5c2fe6ce560e0e03dadd208a7559b95c5971e7a4e4120f75d5cc85c3... 
[36mINFO[0m[0047] No cached layer found for cmd COPY pom.xml target/lib* /opt/lib/ 
[36mINFO[0m[0047] Resolving srcs [target/*.jar]...             
[36mINFO[0m[0047] Unpacking rootfs as cmd COPY pom.xml target/lib* /opt/lib/ requires it. 
[36mINFO[0m[0054] ENV PORT 8080                                
[36mINFO[0m[0054] No files changed in this command, skipping snapshotting. 
[36mINFO[0m[0054] ENV CLASSPATH /opt/lib                       
[36mINFO[0m[0054] No files changed in this command, skipping snapshotting. 
[36mINFO[0m[0054] EXPOSE 8080                                  
[36mINFO[0m[0054] cmd: EXPOSE                                  
[36mINFO[0m[0054] Adding exposed port: 8080/tcp                
[36mINFO[0m[0054] No files changed in this command, skipping snapshotting. 
[36mINFO[0m[0054] Resolving srcs [pom.xml target/lib*]...      
[36mINFO[0m[0054] COPY pom.xml target/lib* /opt/lib/           
[36mINFO[0m[0054] Resolving srcs [pom.xml target/lib*]...      
[36mINFO[0m[0054] Resolving 1 paths                            
[36mINFO[0m[0054] Taking snapshot of files...                  
[36mINFO[0m[0054] Pushing layer docker.io/todo/cache:b69f6a8a5c2fe6ce560e0e03dadd208a7559b95c5971e7a4e4120f75d5cc85c3 to cache now 
[36mINFO[0m[0054] Resolving srcs [target/*.jar]...             
[36mINFO[0m[0054] COPY target/*.jar /opt/app.jar               
[36mINFO[0m[0054] Resolving srcs [target/*.jar]...             
[36mINFO[0m[0054] Resolving 1 paths                            
[36mINFO[0m[0054] Taking snapshot of files...                  
[36mINFO[0m[0055] Pushing layer docker.io/todo/cache:e2fc4ef51ba6b7bc55356f750dc050ac20a8bbfaea43fd38dbe0ecf1fe563752 to cache now 
[36mINFO[0m[0055] WORKDIR /opt                                 
[36mINFO[0m[0055] cmd: workdir                                 
[36mINFO[0m[0055] Changed working directory to /opt            
[36mINFO[0m[0055] No files changed in this command, skipping snapshotting. 
[36mINFO[0m[0055] CMD ["java", "-XX:+UnlockExperimentalVMOptions", "-XX:+UseCGroupMemoryLimitForHeap", "-jar", "app.jar"] 
[36mINFO[0m[0055] No files changed in this command, skipping snapshotting. 
[33mWARN[0m[0056] error uploading layer to cache: failed to push to destination docker.io/todo/cache:b69f6a8a5c2fe6ce560e0e03dadd208a7559b95c5971e7a4e4120f75d5cc85c3: HEAD https://index.docker.io/v2/todo/cache/blobs/sha256:8b4bc3722b9fb7f18865360ebfa448e941fa32f713e1431fb50941ab461f81d1: unsupported status code 401 

Showing logs for build [32msalaboy-online-store-pr-1-pr-bu-99blx-3[0m stage [32mfrom-build-pack[0m and container [32mstep-postbuild-post-build[0m
no CVE provider running in the current ** namespace so skip adding image to be analysed

Showing logs for build [32msalaboy-online-store-pr-1-pr-bu-99blx-3[0m stage [32mfrom-build-pack[0m and container [32mstep-promote-make-preview[0m
sed -i -e "s/version:.*/version: 0.0.0-SNAPSHOT-PR-1-3/" Chart.yaml
sed -i -e "s/version:.*/version: 0.0.0-SNAPSHOT-PR-1-3/" ../*/Chart.yaml
sed -i -e "s|repository:.*|repository: docker.io\/*******\/online-store|" values.yaml
sed -i -e "s/tag:.*/tag: 0.0.0-SNAPSHOT-PR-1-3/" values.yaml
echo "  version: 0.0.0-SNAPSHOT-PR-1-3" >> requirements.yaml
** step helm build
WARNING: No $CHART_REPOSITORY defined so using the default value of: http://jenkins-x-chartmuseum:8080
Adding missing Helm repo: storage.googleapis.com https://storage.googleapis.com/chartmuseum.jenkins-x.io
Successfully added Helm repository storage.googleapis.com.
Adding missing Helm repo: jenkins-x-chartmuseum http://jenkins-x-chartmuseum:8080
Successfully added Helm repository jenkins-x-chartmuseum.
WARNING: No $CHART_REPOSITORY defined so using the default value of: http://jenkins-x-chartmuseum:8080
Adding missing Helm repo: chartmuseum.jenkins-x.io http://chartmuseum.jenkins-x.io
Successfully added Helm repository chartmuseum.jenkins-x.io.

Showing logs for build [32msalaboy-online-store-pr-1-pr-bu-99blx-3[0m stage [32mfrom-build-pack[0m and container [32mstep-promote-jx-preview[0m
Creating a preview
Found commit author match for: ******* with email address: *******@gmail.com
expose:
  Annotations:
    helm.sh/hook: post-install,post-upgrade
    helm.sh/hook-delete-policy: hook-succeeded
  config:
    domain: 185.3.92.10.nip.io
    exposer: Ingress
    http: "true"
preview:
  image:
    repository: docker.io/*******/online-store
    tag: 0.0.0-SNAPSHOT-PR-1-3

Updating PipelineActivities *******-online-store-pr-1-3 which has status Running
Preview application is now available at: http://online-store.**-*******-online-store-pr-1.185.3.92.10.nip.io
